<?xml version="1.0" encoding="UTF-8"?>
<robot generator="Robot 3.2.1 (Python 3.8.0 on win32)" generated="20211025 15:40:18.636" rpa="false">
<suite id="s1" name="LoginAndChangeStoreName" source="C:\Users\nikite\PycharmProjects\EvermosAutomationTest\Tests\LoginAndChangeStoreName.robot">
<test id="s1-t1" name="Login">
<kw name="Open Browser" library="SeleniumLibrary">
<doc>Opens a new browser instance to the optional ``url``.</doc>
<arguments>
<arg>${URL}</arg>
<arg>${BROWSER}</arg>
</arguments>
<msg timestamp="20211025 15:40:19.168" level="INFO">Opening browser 'Chrome' to base url 'https://evermos.com/login'.</msg>
<status status="PASS" starttime="20211025 15:40:19.168" endtime="20211025 15:40:28.749"></status>
</kw>
<kw name="Set Window Size" library="SeleniumLibrary">
<doc>Sets current windows size to given ``width`` and ``height``.</doc>
<arguments>
<arg>${1920}</arg>
<arg>${1200}</arg>
</arguments>
<status status="PASS" starttime="20211025 15:40:28.750" endtime="20211025 15:40:28.913"></status>
</kw>
<kw name="Input Text" library="SeleniumLibrary">
<doc>Types the given ``text`` into the text field identified by ``locator``.</doc>
<arguments>
<arg>${TEXT}</arg>
<arg>${TELP_USER}</arg>
</arguments>
<msg timestamp="20211025 15:40:28.915" level="INFO">Typing text '6281223334444' into text field 'css:input.inputText__input[type="text"]'.</msg>
<status status="PASS" starttime="20211025 15:40:28.914" endtime="20211025 15:40:29.138"></status>
</kw>
<kw name="Input Text" library="SeleniumLibrary">
<doc>Types the given ``text`` into the text field identified by ``locator``.</doc>
<arguments>
<arg>${PASS}</arg>
<arg>${PASS_USER}</arg>
</arguments>
<msg timestamp="20211025 15:40:29.140" level="INFO">Typing text 'password' into text field 'css:input.inputText__input[type="password"]'.</msg>
<status status="PASS" starttime="20211025 15:40:29.139" endtime="20211025 15:40:29.306"></status>
</kw>
<kw name="Sleep" library="BuiltIn">
<doc>Pauses the test executed for the given time.</doc>
<arguments>
<arg>5s</arg>
</arguments>
<msg timestamp="20211025 15:40:34.314" level="INFO">Slept 5 seconds</msg>
<status status="PASS" starttime="20211025 15:40:29.308" endtime="20211025 15:40:34.314"></status>
</kw>
<kw name="Click Element" library="SeleniumLibrary">
<doc>Click the element identified by ``locator``.</doc>
<arguments>
<arg>//button[contains(text(),'Masuk')]</arg>
</arguments>
<msg timestamp="20211025 15:40:34.316" level="INFO">Clicking element '//button[contains(text(),'Masuk')]'.</msg>
<status status="PASS" starttime="20211025 15:40:34.315" endtime="20211025 15:40:34.501"></status>
</kw>
<kw name="Sleep" library="BuiltIn">
<doc>Pauses the test executed for the given time.</doc>
<arguments>
<arg>5s</arg>
</arguments>
<msg timestamp="20211025 15:40:39.507" level="INFO">Slept 5 seconds</msg>
<status status="PASS" starttime="20211025 15:40:34.503" endtime="20211025 15:40:39.507"></status>
</kw>
<status status="PASS" starttime="20211025 15:40:19.168" endtime="20211025 15:40:39.509" critical="yes"></status>
</test>
<test id="s1-t2" name="Change store name">
<kw name="Go To" library="SeleniumLibrary">
<doc>Navigates the current browser window to the provided ``url``.</doc>
<arguments>
<arg>${STORE}</arg>
</arguments>
<msg timestamp="20211025 15:40:39.513" level="INFO">Opening url 'https://evermos.com/my-store'</msg>
<status status="PASS" starttime="20211025 15:40:39.513" endtime="20211025 15:40:55.599"></status>
</kw>
<kw name="Sleep" library="BuiltIn">
<doc>Pauses the test executed for the given time.</doc>
<arguments>
<arg>5s</arg>
</arguments>
<msg timestamp="20211025 15:41:00.619" level="INFO">Slept 5 seconds</msg>
<status status="PASS" starttime="20211025 15:40:55.601" endtime="20211025 15:41:00.619"></status>
</kw>
<kw name="Click Element" library="SeleniumLibrary">
<doc>Click the element identified by ``locator``.</doc>
<arguments>
<arg>//*[contains(text(),'Ganti Nama Toko')]</arg>
</arguments>
<msg timestamp="20211025 15:41:00.621" level="INFO">Clicking element '//*[contains(text(),'Ganti Nama Toko')]'.</msg>
<status status="PASS" starttime="20211025 15:41:00.621" endtime="20211025 15:41:00.848"></status>
</kw>
<kw name="Sleep" library="BuiltIn">
<doc>Pauses the test executed for the given time.</doc>
<arguments>
<arg>5s</arg>
</arguments>
<msg timestamp="20211025 15:41:05.861" level="INFO">Slept 5 seconds</msg>
<status status="PASS" starttime="20211025 15:41:00.851" endtime="20211025 15:41:05.861"></status>
</kw>
<kw name="Input Text" library="SeleniumLibrary">
<doc>Types the given ``text`` into the text field identified by ``locator``.</doc>
<arguments>
<arg>${TEXT}</arg>
<arg>${TOKO_BARU}</arg>
</arguments>
<msg timestamp="20211025 15:41:05.861" level="INFO">Typing text 'UPDATE' into text field 'css:input.inputText__input[type="text"]'.</msg>
<status status="PASS" starttime="20211025 15:41:05.861" endtime="20211025 15:41:06.073"></status>
</kw>
<kw name="Input Text" library="SeleniumLibrary">
<doc>Types the given ``text`` into the text field identified by ``locator``.</doc>
<arguments>
<arg>${PASS_STORE}</arg>
<arg>${PASS_USER}</arg>
</arguments>
<msg timestamp="20211025 15:41:06.075" level="INFO">Typing text 'password' into text field 'css:input.inputText__input[placeholder="Masukan Kata Sandi"]'.</msg>
<status status="PASS" starttime="20211025 15:41:06.074" endtime="20211025 15:41:06.278"></status>
</kw>
<kw name="Sleep" library="BuiltIn">
<doc>Pauses the test executed for the given time.</doc>
<arguments>
<arg>5s</arg>
</arguments>
<msg timestamp="20211025 15:41:11.288" level="INFO">Slept 5 seconds</msg>
<status status="PASS" starttime="20211025 15:41:06.279" endtime="20211025 15:41:11.288"></status>
</kw>
<kw name="Click Element" library="SeleniumLibrary">
<doc>Click the element identified by ``locator``.</doc>
<arguments>
<arg>//button[contains(text(),'Simpan')]</arg>
</arguments>
<msg timestamp="20211025 15:41:11.288" level="INFO">Clicking element '//button[contains(text(),'Simpan')]'.</msg>
<status status="PASS" starttime="20211025 15:41:11.288" endtime="20211025 15:41:11.410"></status>
</kw>
<kw name="Sleep" library="BuiltIn">
<doc>Pauses the test executed for the given time.</doc>
<arguments>
<arg>5s</arg>
</arguments>
<msg timestamp="20211025 15:41:16.416" level="INFO">Slept 5 seconds</msg>
<status status="PASS" starttime="20211025 15:41:11.411" endtime="20211025 15:41:16.416"></status>
</kw>
<kw name="Click Element" library="SeleniumLibrary">
<doc>Click the element identified by ``locator``.</doc>
<arguments>
<arg>//*[contains(text(),'OK')]</arg>
</arguments>
<msg timestamp="20211025 15:41:16.416" level="INFO">Clicking element '//*[contains(text(),'OK')]'.</msg>
<status status="PASS" starttime="20211025 15:41:16.416" endtime="20211025 15:41:19.825"></status>
</kw>
<status status="PASS" starttime="20211025 15:40:39.511" endtime="20211025 15:41:19.826" critical="yes"></status>
</test>
<doc>Change store name on Web Evermos
How to run: robot Tests/LoginAndChangeStoreName.robot</doc>
<status status="PASS" starttime="20211025 15:40:18.636" endtime="20211025 15:41:19.829"></status>
</suite>
<statistics>
<total>
<stat pass="2" fail="0">Critical Tests</stat>
<stat pass="2" fail="0">All Tests</stat>
</total>
<tag>
</tag>
<suite>
<stat pass="2" fail="0" id="s1" name="LoginAndChangeStoreName">LoginAndChangeStoreName</stat>
</suite>
</statistics>
<errors>
</errors>
</robot>
